
> appicua-design-system@1.0.0 build-storybook
> storybook build --output-dir=C:\Users\juana\AppData\Local\Temp\chromatic--39244-V5aiz2zgm47v


[90m┌[39m  Building storybook v10.3.3
[90m│[39m
[32m◇[39m  Cleaning outputDir:
[90m│[39m  [36m../../../AppData/Local/Temp/chromatic--39244-V5aiz2zgm47v[39m
[90m│[39m
[32m◇[39m  Loading presets
[90m│[39m
[32m◇[39m  Building manager..
[90m│[39m
[34m●[39m  Building preview..
[90m│[39m  [43mVite[49m [36mvite v8.0.2 [32mbuilding client environment for production...[36m[39m
[2Ktransforming...✓ 171 modules transformed.
rendering chunks...
computing gzip size...
[90m│[39m  [43mVite[49m
[90m│[39m  ../../../AppData/Local/Temp/chromatic--39244-V5aiz2zgm47v/assets/context-C0qIqeS4.png
[90m│[39m  6.11 kB
[90m│[39m  ../../../AppData/Local/Temp/chromatic--39244-V5aiz2zgm47v/assets/styling-Bk6zjRzU.png
[90m│[39m  7.23 kB
[90m│[39m  ../../../AppData/Local/Temp/chromatic--39244-V5aiz2zgm47v/iframe.html
[90m│[39m  18.84 kB │ gzip:   5.29 kB
[90m│[39m  ../../../AppData/Local/Temp/chromatic--39244-V5aiz2zgm47v/assets/docs---vsFbMi.png
[90m│[39m  27.87 kB
[90m│[39m  ../../../AppData/Local/Temp/chromatic--39244-V5aiz2zgm47v/assets/share-DGA-UcQf.png
[90m│[39m  40.76 kB
[90m│[39m  ../../../AppData/Local/Temp/chromatic--39244-V5aiz2zgm47v/assets/accessibility-W_h2acOZ.png
[90m│[39m  42.33 kB
[90m│[39m  ../../../AppData/Local/Temp/chromatic--39244-V5aiz2zgm47v/assets/figma-plugin-CH2hELiO.png
[90m│[39m  44.24 kB
[90m│[39m  ../../../AppData/Local/Temp/chromatic--39244-V5aiz2zgm47v/assets/theming-D6WJLNoW.png
[90m│[39m  44.37 kB
[90m│[39m  ../../../AppData/Local/Temp/chromatic--39244-V5aiz2zgm47v/assets/testing-cbzR9l9r.png
[90m│[39m  49.31 kB
[90m│[39m  ../../../AppData/Local/Temp/chromatic--39244-V5aiz2zgm47v/assets/addon-library-BWUCAmyN.png
[90m│[39m  467.36 kB
[90m│[39m  ../../../AppData/Local/Temp/chromatic--39244-V5aiz2zgm47v/assets/Header-CzZBVs_w.css
[90m│[39m  0.50 kB │ gzip:   0.29 kB
[90m│[39m  ../../../AppData/Local/Temp/chromatic--39244-V5aiz2zgm47v/assets/Button-C9QAnAgh.css
[90m│[39m  0.51 kB │ gzip:   0.28 kB
[90m│[39m  ../../../AppData/Local/Temp/chromatic--39244-V5aiz2zgm47v/assets/Page-R7v0XIE6.css
[90m│[39m  0.91 kB │ gzip:   0.39 kB
[90m│[39m  ../../../AppData/Local/Temp/chromatic--39244-V5aiz2zgm47v/assets/theming-DmktoS-9.js
[90m│[39m  0.07 kB │ gzip:   0.08 kB
[90m│[39m  ../../../AppData/Local/Temp/chromatic--39244-V5aiz2zgm47v/assets/react-18-CKZgxw41.js
[90m│[39m  0.10 kB │ gzip:   0.10 kB
[90m│[39m  ../../../AppData/Local/Temp/chromatic--39244-V5aiz2zgm47v/assets/components-CMPkoVmS.js
[90m│[39m  0.14 kB │ gzip:   0.13 kB
[90m│[39m  ../../../AppData/Local/Temp/chromatic--39244-V5aiz2zgm47v/assets/chunk-CYSK6WYR-Dv_OZq8M.js
[90m│[39m  0.15 kB │ gzip:   0.13 kB
[90m│[39m  ../../../AppData/Local/Temp/chromatic--39244-V5aiz2zgm47v/assets/chunk-242VQQM5-DhDXsZYD.js
[90m│[39m  0.21 kB │ gzip:   0.18 kB
[90m│[39m  ../../../AppData/Local/Temp/chromatic--39244-V5aiz2zgm47v/assets/formatter-EIJCOSYU-kvVD7Cgn.js
[90m│[39m  0.27 kB │ gzip:   0.21 kB
[90m│[39m  ../../../AppData/Local/Temp/chromatic--39244-V5aiz2zgm47v/assets/jsx-runtime-Cw9gq7QB.js
[90m│[39m  0.42 kB │ gzip:   0.29 kB
[90m│[39m  ../../../AppData/Local/Temp/chromatic--39244-V5aiz2zgm47v/assets/react-CNG38B20.js
[90m│[39m  0.52 kB │ gzip:   0.32 kB
[90m│[39m  ../../../AppData/Local/Temp/chromatic--39244-V5aiz2zgm47v/assets/Header.stories-BoruBNvD.js
[90m│[39m  0.72 kB │ gzip:   0.41 kB
[90m│[39m  ../../../AppData/Local/Temp/chromatic--39244-V5aiz2zgm47v/assets/chunk-A242L54C-DFwdhqNr.js
[90m│[39m  0.91 kB │ gzip:   0.53 kB
[90m│[39m  ../../../AppData/Local/Temp/chromatic--39244-V5aiz2zgm47v/assets/chunk-BneVvdWh.js
[90m│[39m  1.11 kB │ gzip:   0.63 kB
[90m│[39m  ../../../AppData/Local/Temp/chromatic--39244-V5aiz2zgm47v/assets/Button.stories-B9Ipb6OB.js
[90m│[39m  1.26 kB │ gzip:   0.50 kB
[90m│[39m  ../../../AppData/Local/Temp/chromatic--39244-V5aiz2zgm47v/assets/preload-helper-CV6hqhE5.js
[90m│[39m  1.27 kB │ gzip:   0.73 kB
[90m│[39m  ../../../AppData/Local/Temp/chromatic--39244-V5aiz2zgm47v/assets/DocsRenderer-LL677BLK-5LdO31NT.js
[90m│[39m  1.40 kB │ gzip:   0.76 kB
[90m│[39m  ../../../AppData/Local/Temp/chromatic--39244-V5aiz2zgm47v/assets/Header-BPhPRF_A.js
[90m│[39m  1.92 kB │ gzip:   0.87 kB
[90m│[39m  ../../../AppData/Local/Temp/chromatic--39244-V5aiz2zgm47v/assets/Button-oGOxo3If.js
[90m│[39m  2.21 kB │ gzip:   1.06 kB
[90m│[39m  ../../../AppData/Local/Temp/chromatic--39244-V5aiz2zgm47v/assets/react-dom-5rZ6-Q55.js
[90m│[39m  3.57 kB │ gzip:   1.35 kB
[90m│[39m  ../../../AppData/Local/Temp/chromatic--39244-V5aiz2zgm47v/assets/Page.stories-E3_-2d9T.js
[90m│[39m  3.62 kB │ gzip:   1.58 kB
[90m│[39m  ../../../AppData/Local/Temp/chromatic--39244-V5aiz2zgm47v/assets/chunk-3LY4VQVK-3dWR3LFm.js
[90m│[39m  4.03 kB │ gzip:   1.71 kB
[90m│[39m  ../../../AppData/Local/Temp/chromatic--39244-V5aiz2zgm47v/assets/chunk-RD3KTAHR-DdnwsyT8.js
[90m│[39m  20.74 kB │ gzip:   6.93 kB
[90m│[39m  ../../../AppData/Local/Temp/chromatic--39244-V5aiz2zgm47v/assets/Configure-4HzAbWVA.js
[90m│[39m  26.89 kB │ gzip:  11.31 kB
[90m│[39m  ../../../AppData/Local/Temp/chromatic--39244-V5aiz2zgm47v/vite-inject-mocker-entry.js
[90m│[39m  27.85 kB │ gzip:   9.64 kB
[90m│[39m  ../../../AppData/Local/Temp/chromatic--39244-V5aiz2zgm47v/assets/matchers-5TDFFDYO-BqsYgftU.js
[90m│[39m  28.81 kB │ gzip:   9.67 kB
[90m│[39m  ../../../AppData/Local/Temp/chromatic--39244-V5aiz2zgm47v/assets/Color-FRDS63T2-BCAIUF4w.js
[90m│[39m  30.81 kB │ gzip:  11.55 kB
[90m│[39m  ../../../AppData/Local/Temp/chromatic--39244-V5aiz2zgm47v/assets/WithTooltip-65CFNBJE-C38A0G0p.js
[90m│[39m  33.27 kB │ gzip:  11.68 kB
[90m│[39m  ../../../AppData/Local/Temp/chromatic--39244-V5aiz2zgm47v/assets/theming-DbzcN17v.js
[90m│[39m  55.04 kB │ gzip:  21.23 kB
[90m│[39m  ../../../AppData/Local/Temp/chromatic--39244-V5aiz2zgm47v/assets/chunk-IYCKG66Y-DJhsEzUT.js
[90m│[39m  59.17 kB │ gzip:  16.92 kB
[90m│[39m  ../../../AppData/Local/Temp/chromatic--39244-V5aiz2zgm47v/assets/syntaxhighlighter-OH4MV7E3-BXesUNP9.js
[90m│[39m  76.14 kB │ gzip:  27.39 kB
[90m│[39m  ../../../AppData/Local/Temp/chromatic--39244-V5aiz2zgm47v/assets/react-18-vV6fJzQG.js
[90m│[39m  179.05 kB │ gzip:  56.64 kB
[90m│[39m  ../../../AppData/Local/Temp/chromatic--39244-V5aiz2zgm47v/assets/blocks-BU9854SQ.js
[90m│[39m  182.57 kB │ gzip:  57.91 kB
[90m│[39m  ../../../AppData/Local/Temp/chromatic--39244-V5aiz2zgm47v/assets/components-CTCE6t3k.js
[90m│[39m  543.51 kB │ gzip: 172.83 kB
[90m│[39m  ../../../AppData/Local/Temp/chromatic--39244-V5aiz2zgm47v/assets/axe-CbCtMzRq.js
[90m│[39m  567.55 kB │ gzip: 154.76 kB
[90m│[39m  ../../../AppData/Local/Temp/chromatic--39244-V5aiz2zgm47v/assets/iframe-CGv7wqYo.js
[90m│[39m  1,025.48 kB │ gzip: 289.84 kB

[90m│[39m  [43mVite[49m [32m✓ built in 1.95s[39m
[90m│[39m
[33m▲[39m  [43mVite[49m [33m[plugin builtin:vite-reporter]
[90m│[39m  (!) Some chunks are larger than 500 kB after minification. Consider:
[90m│[39m  - Using dynamic import() to code-split the application
[90m│[39m  - Use build.rolldownOptions.output.codeSplitting to improve chunking:
[90m│[39m  ]8;;https://rolldown.rs/reference/OutputOptions.codeSplittinghttps://rolldown.rs/reference/OutputOptions.codeSplitting]8;;
[90m│[39m  - Adjust chunk size limit for this warning via
[90m│[39m  build.chunkSizeWarningLimit.[39m
[90m│[39m
[32m◇[39m  Output directory:
[90m│[39m  C:/Users/juana/AppData/Local/Temp/chromatic--39244-V5aiz2zgm47v
[90m│[39m
[90m└[39m  Storybook build completed successfully

